[2025-05-31 06:57:24] SYSTEM: YOLO model loaded successfully
[2025-05-31 06:57:24] SLAM: Mapping and tracking started
[2025-05-31 06:57:24] ERROR: No input frames found
[2025-05-31 06:58:32] SYSTEM: YOLO model loaded successfully
[2025-05-31 06:58:32] SLAM: Mapping and tracking started
[2025-05-31 06:58:32] ERROR: No input frames found
[2025-05-31 07:01:11] SYSTEM: YOLO model loaded successfully
[2025-05-31 07:01:11] SLAM: Mapping and tracking started
[2025-05-31 07:01:15] ERROR: Detection failed: 'AutonomousVehicleSystem' object has no attribute 'analyze_detections'
[2025-05-31 07:01:15] ERROR: Detection failed: 'AutonomousVehicleSystem' object has no attribute 'analyze_detections'
[2025-05-31 07:01:15] ERROR: Detection failed: 'AutonomousVehicleSystem' object has no attribute 'analyze_detections'
[2025-05-31 07:01:16] ERROR: Detection failed: 'AutonomousVehicleSystem' object has no attribute 'analyze_detections'
[2025-05-31 07:01:16] ERROR: Detection failed: 'AutonomousVehicleSystem' object has no attribute 'analyze_detections'
[2025-05-31 07:01:16] ERROR: Detection failed: 'AutonomousVehicleSystem' object has no attribute 'analyze_detections'
[2025-05-31 07:01:16] ERROR: Detection failed: 'AutonomousVehicleSystem' object has no attribute 'analyze_detections'
[2025-05-31 07:01:16] ERROR: Detection failed: 'AutonomousVehicleSystem' object has no attribute 'analyze_detections'
[2025-05-31 07:01:16] ERROR: Detection failed: 'AutonomousVehicleSystem' object has no attribute 'analyze_detections'
[2025-05-31 07:01:16] ERROR: Detection failed: 'AutonomousVehicleSystem' object has no attribute 'analyze_detections'
[2025-05-31 07:01:16] ERROR: Detection failed: 'AutonomousVehicleSystem' object has no attribute 'analyze_detections'
[2025-05-31 07:01:16] ERROR: Detection failed: 'AutonomousVehicleSystem' object has no attribute 'analyze_detections'
[2025-05-31 07:01:17] ERROR: Detection failed: 'AutonomousVehicleSystem' object has no attribute 'analyze_detections'
[2025-05-31 07:01:17] ERROR: Detection failed: 'AutonomousVehicleSystem' object has no attribute 'analyze_detections'
[2025-05-31 07:01:17] ERROR: Detection failed: 'AutonomousVehicleSystem' object has no attribute 'analyze_detections'
[2025-05-31 07:01:17] ERROR: Detection failed: 'AutonomousVehicleSystem' object has no attribute 'analyze_detections'
[2025-05-31 07:01:17] ERROR: Detection failed: 'AutonomousVehicleSystem' object has no attribute 'analyze_detections'
[2025-05-31 07:01:17] ERROR: Detection failed: 'AutonomousVehicleSystem' object has no attribute 'analyze_detections'
[2025-05-31 07:01:17] ERROR: Detection failed: 'AutonomousVehicleSystem' object has no attribute 'analyze_detections'
[2025-05-31 07:01:17] ERROR: Detection failed: 'AutonomousVehicleSystem' object has no attribute 'analyze_detections'
[2025-05-31 07:01:17] ERROR: Detection failed: 'AutonomousVehicleSystem' object has no attribute 'analyze_detections'
[2025-05-31 07:01:18] ERROR: Detection failed: 'AutonomousVehicleSystem' object has no attribute 'analyze_detections'
[2025-05-31 07:01:18] ERROR: Detection failed: 'AutonomousVehicleSystem' object has no attribute 'analyze_detections'
[2025-05-31 07:01:18] ERROR: Detection failed: 'AutonomousVehicleSystem' object has no attribute 'analyze_detections'
[2025-05-31 07:01:18] ERROR: Detection failed: 'AutonomousVehicleSystem' object has no attribute 'analyze_detections'
[2025-05-31 07:01:18] ERROR: Detection failed: 'AutonomousVehicleSystem' object has no attribute 'analyze_detections'
[2025-05-31 07:01:18] ERROR: Detection failed: 'AutonomousVehicleSystem' object has no attribute 'analyze_detections'
[2025-05-31 07:01:18] ERROR: Detection failed: 'AutonomousVehicleSystem' object has no attribute 'analyze_detections'
[2025-05-31 07:01:18] ERROR: Detection failed: 'AutonomousVehicleSystem' object has no attribute 'analyze_detections'
[2025-05-31 07:01:18] ERROR: Detection failed: 'AutonomousVehicleSystem' object has no attribute 'analyze_detections'
[2025-05-31 07:01:19] ERROR: Detection failed: 'AutonomousVehicleSystem' object has no attribute 'analyze_detections'
[2025-05-31 07:01:19] ERROR: Detection failed: 'AutonomousVehicleSystem' object has no attribute 'analyze_detections'
[2025-05-31 07:01:19] ERROR: Detection failed: 'AutonomousVehicleSystem' object has no attribute 'analyze_detections'
[2025-05-31 07:01:19] ERROR: Detection failed: 'AutonomousVehicleSystem' object has no attribute 'analyze_detections'
[2025-05-31 07:01:19] ERROR: Detection failed: 'AutonomousVehicleSystem' object has no attribute 'analyze_detections'
[2025-05-31 07:01:19] ERROR: Detection failed: 'AutonomousVehicleSystem' object has no attribute 'analyze_detections'
[2025-05-31 07:01:19] ERROR: Detection failed: 'AutonomousVehicleSystem' object has no attribute 'analyze_detections'
[2025-05-31 07:01:19] ERROR: Detection failed: 'AutonomousVehicleSystem' object has no attribute 'analyze_detections'
[2025-05-31 07:01:20] ERROR: Detection failed: 'AutonomousVehicleSystem' object has no attribute 'analyze_detections'
[2025-05-31 07:01:20] ERROR: Detection failed: 'AutonomousVehicleSystem' object has no attribute 'analyze_detections'
[2025-05-31 07:01:20] ERROR: Detection failed: 'AutonomousVehicleSystem' object has no attribute 'analyze_detections'
[2025-05-31 07:01:20] ERROR: Detection failed: 'AutonomousVehicleSystem' object has no attribute 'analyze_detections'
[2025-05-31 07:01:20] ERROR: Detection failed: 'AutonomousVehicleSystem' object has no attribute 'analyze_detections'
[2025-05-31 07:01:20] ERROR: Detection failed: 'AutonomousVehicleSystem' object has no attribute 'analyze_detections'
[2025-05-31 07:01:20] ERROR: Detection failed: 'AutonomousVehicleSystem' object has no attribute 'analyze_detections'
[2025-05-31 07:01:20] ERROR: Detection failed: 'AutonomousVehicleSystem' object has no attribute 'analyze_detections'
[2025-05-31 07:01:20] ERROR: Detection failed: 'AutonomousVehicleSystem' object has no attribute 'analyze_detections'
[2025-05-31 07:01:21] ERROR: Detection failed: 'AutonomousVehicleSystem' object has no attribute 'analyze_detections'
[2025-05-31 07:01:21] ERROR: Detection failed: 'AutonomousVehicleSystem' object has no attribute 'analyze_detections'
[2025-05-31 07:01:21] ERROR: Detection failed: 'AutonomousVehicleSystem' object has no attribute 'analyze_detections'
[2025-05-31 07:01:21] ERROR: Detection failed: 'AutonomousVehicleSystem' object has no attribute 'analyze_detections'
[2025-05-31 07:01:21] ERROR: Detection failed: 'AutonomousVehicleSystem' object has no attribute 'analyze_detections'
[2025-05-31 07:01:21] ERROR: Detection failed: 'AutonomousVehicleSystem' object has no attribute 'analyze_detections'
[2025-05-31 07:01:21] ERROR: Detection failed: 'AutonomousVehicleSystem' object has no attribute 'analyze_detections'
[2025-05-31 07:01:21] ERROR: Detection failed: 'AutonomousVehicleSystem' object has no attribute 'analyze_detections'
[2025-05-31 07:01:21] ERROR: Detection failed: 'AutonomousVehicleSystem' object has no attribute 'analyze_detections'
[2025-05-31 07:01:22] ERROR: Detection failed: 'AutonomousVehicleSystem' object has no attribute 'analyze_detections'
[2025-05-31 07:01:22] ERROR: Detection failed: 'AutonomousVehicleSystem' object has no attribute 'analyze_detections'
[2025-05-31 07:01:22] ERROR: Detection failed: 'AutonomousVehicleSystem' object has no attribute 'analyze_detections'
[2025-05-31 07:01:22] ERROR: Detection failed: 'AutonomousVehicleSystem' object has no attribute 'analyze_detections'
[2025-05-31 07:01:22] ERROR: Detection failed: 'AutonomousVehicleSystem' object has no attribute 'analyze_detections'
[2025-05-31 07:01:22] ERROR: Detection failed: 'AutonomousVehicleSystem' object has no attribute 'analyze_detections'
[2025-05-31 07:01:22] ERROR: Detection failed: 'AutonomousVehicleSystem' object has no attribute 'analyze_detections'
[2025-05-31 07:01:22] ERROR: Detection failed: 'AutonomousVehicleSystem' object has no attribute 'analyze_detections'
[2025-05-31 07:01:22] ERROR: Detection failed: 'AutonomousVehicleSystem' object has no attribute 'analyze_detections'
[2025-05-31 07:01:23] ERROR: Detection failed: 'AutonomousVehicleSystem' object has no attribute 'analyze_detections'
[2025-05-31 07:01:23] ERROR: Detection failed: 'AutonomousVehicleSystem' object has no attribute 'analyze_detections'
[2025-05-31 07:01:23] ERROR: Detection failed: 'AutonomousVehicleSystem' object has no attribute 'analyze_detections'
[2025-05-31 07:01:23] ERROR: Detection failed: 'AutonomousVehicleSystem' object has no attribute 'analyze_detections'
[2025-05-31 07:01:23] ERROR: Detection failed: 'AutonomousVehicleSystem' object has no attribute 'analyze_detections'
[2025-05-31 07:01:23] ERROR: Detection failed: 'AutonomousVehicleSystem' object has no attribute 'analyze_detections'
[2025-05-31 07:01:23] ERROR: Detection failed: 'AutonomousVehicleSystem' object has no attribute 'analyze_detections'
[2025-05-31 07:01:23] ERROR: Detection failed: 'AutonomousVehicleSystem' object has no attribute 'analyze_detections'
[2025-05-31 07:01:23] ERROR: Detection failed: 'AutonomousVehicleSystem' object has no attribute 'analyze_detections'
[2025-05-31 07:01:24] ERROR: Detection failed: 'AutonomousVehicleSystem' object has no attribute 'analyze_detections'
[2025-05-31 07:01:24] ERROR: Detection failed: 'AutonomousVehicleSystem' object has no attribute 'analyze_detections'
[2025-05-31 07:01:24] ERROR: Detection failed: 'AutonomousVehicleSystem' object has no attribute 'analyze_detections'
[2025-05-31 07:01:24] ERROR: Detection failed: 'AutonomousVehicleSystem' object has no attribute 'analyze_detections'
[2025-05-31 07:01:24] ERROR: Detection failed: 'AutonomousVehicleSystem' object has no attribute 'analyze_detections'
[2025-05-31 07:01:24] ERROR: Detection failed: 'AutonomousVehicleSystem' object has no attribute 'analyze_detections'
[2025-05-31 07:01:24] ERROR: Detection failed: 'AutonomousVehicleSystem' object has no attribute 'analyze_detections'
[2025-05-31 07:01:24] ERROR: Detection failed: 'AutonomousVehicleSystem' object has no attribute 'analyze_detections'
[2025-05-31 07:01:24] ERROR: Detection failed: 'AutonomousVehicleSystem' object has no attribute 'analyze_detections'
[2025-05-31 07:01:24] ERROR: Detection failed: 'AutonomousVehicleSystem' object has no attribute 'analyze_detections'
[2025-05-31 07:01:25] ERROR: Detection failed: 'AutonomousVehicleSystem' object has no attribute 'analyze_detections'
[2025-05-31 07:01:25] ERROR: Detection failed: 'AutonomousVehicleSystem' object has no attribute 'analyze_detections'
[2025-05-31 07:01:25] ERROR: Detection failed: 'AutonomousVehicleSystem' object has no attribute 'analyze_detections'
[2025-05-31 07:01:25] ERROR: Detection failed: 'AutonomousVehicleSystem' object has no attribute 'analyze_detections'
[2025-05-31 07:01:25] ERROR: Detection failed: 'AutonomousVehicleSystem' object has no attribute 'analyze_detections'
[2025-05-31 07:01:25] ERROR: Detection failed: 'AutonomousVehicleSystem' object has no attribute 'analyze_detections'
[2025-05-31 07:01:25] ERROR: Detection failed: 'AutonomousVehicleSystem' object has no attribute 'analyze_detections'
[2025-05-31 07:01:25] ERROR: Detection failed: 'AutonomousVehicleSystem' object has no attribute 'analyze_detections'
[2025-05-31 07:01:25] ERROR: Detection failed: 'AutonomousVehicleSystem' object has no attribute 'analyze_detections'
[2025-05-31 07:01:26] ERROR: Detection failed: 'AutonomousVehicleSystem' object has no attribute 'analyze_detections'
[2025-05-31 07:01:26] ERROR: Detection failed: 'AutonomousVehicleSystem' object has no attribute 'analyze_detections'
[2025-05-31 07:01:26] ERROR: Detection failed: 'AutonomousVehicleSystem' object has no attribute 'analyze_detections'
[2025-05-31 07:01:26] ERROR: Detection failed: 'AutonomousVehicleSystem' object has no attribute 'analyze_detections'
[2025-05-31 07:01:26] ERROR: Detection failed: 'AutonomousVehicleSystem' object has no attribute 'analyze_detections'
[2025-05-31 07:01:26] ERROR: Detection failed: 'AutonomousVehicleSystem' object has no attribute 'analyze_detections'
[2025-05-31 07:01:26] ERROR: Detection failed: 'AutonomousVehicleSystem' object has no attribute 'analyze_detections'
[2025-05-31 07:01:26] ERROR: Detection failed: 'AutonomousVehicleSystem' object has no attribute 'analyze_detections'
[2025-05-31 07:01:26] ERROR: Detection failed: 'AutonomousVehicleSystem' object has no attribute 'analyze_detections'
[2025-05-31 07:01:27] ERROR: Detection failed: 'AutonomousVehicleSystem' object has no attribute 'analyze_detections'
[2025-05-31 07:01:27] ERROR: Detection failed: 'AutonomousVehicleSystem' object has no attribute 'analyze_detections'
[2025-05-31 07:01:27] ERROR: Detection failed: 'AutonomousVehicleSystem' object has no attribute 'analyze_detections'
[2025-05-31 07:01:27] ERROR: Detection failed: 'AutonomousVehicleSystem' object has no attribute 'analyze_detections'
[2025-05-31 07:01:27] ERROR: Detection failed: 'AutonomousVehicleSystem' object has no attribute 'analyze_detections'
[2025-05-31 07:01:27] ERROR: Detection failed: 'AutonomousVehicleSystem' object has no attribute 'analyze_detections'
[2025-05-31 07:01:27] ERROR: Detection failed: 'AutonomousVehicleSystem' object has no attribute 'analyze_detections'
[2025-05-31 07:01:27] ERROR: Detection failed: 'AutonomousVehicleSystem' object has no attribute 'analyze_detections'
[2025-05-31 07:01:28] ERROR: Detection failed: 'AutonomousVehicleSystem' object has no attribute 'analyze_detections'
[2025-05-31 07:01:28] ERROR: Detection failed: 'AutonomousVehicleSystem' object has no attribute 'analyze_detections'
[2025-05-31 07:01:28] ERROR: Detection failed: 'AutonomousVehicleSystem' object has no attribute 'analyze_detections'
[2025-05-31 07:01:28] ERROR: Detection failed: 'AutonomousVehicleSystem' object has no attribute 'analyze_detections'
[2025-05-31 07:01:28] ERROR: Detection failed: 'AutonomousVehicleSystem' object has no attribute 'analyze_detections'
[2025-05-31 07:01:28] ERROR: Detection failed: 'AutonomousVehicleSystem' object has no attribute 'analyze_detections'
[2025-05-31 07:01:28] ERROR: Detection failed: 'AutonomousVehicleSystem' object has no attribute 'analyze_detections'
[2025-05-31 07:01:28] ERROR: Detection failed: 'AutonomousVehicleSystem' object has no attribute 'analyze_detections'
[2025-05-31 07:01:29] ERROR: Detection failed: 'AutonomousVehicleSystem' object has no attribute 'analyze_detections'
[2025-05-31 07:01:29] ERROR: Detection failed: 'AutonomousVehicleSystem' object has no attribute 'analyze_detections'
[2025-05-31 07:01:29] ERROR: Detection failed: 'AutonomousVehicleSystem' object has no attribute 'analyze_detections'
[2025-05-31 07:01:29] ERROR: Detection failed: 'AutonomousVehicleSystem' object has no attribute 'analyze_detections'
[2025-05-31 07:01:29] ERROR: Detection failed: 'AutonomousVehicleSystem' object has no attribute 'analyze_detections'
[2025-05-31 07:01:29] ERROR: Detection failed: 'AutonomousVehicleSystem' object has no attribute 'analyze_detections'
[2025-05-31 07:01:29] ERROR: Detection failed: 'AutonomousVehicleSystem' object has no attribute 'analyze_detections'
[2025-05-31 07:01:29] ERROR: Detection failed: 'AutonomousVehicleSystem' object has no attribute 'analyze_detections'
[2025-05-31 07:01:30] ERROR: Detection failed: 'AutonomousVehicleSystem' object has no attribute 'analyze_detections'
[2025-05-31 07:01:30] ERROR: Detection failed: 'AutonomousVehicleSystem' object has no attribute 'analyze_detections'
[2025-05-31 07:01:30] ERROR: Detection failed: 'AutonomousVehicleSystem' object has no attribute 'analyze_detections'
[2025-05-31 07:01:30] ERROR: Detection failed: 'AutonomousVehicleSystem' object has no attribute 'analyze_detections'
[2025-05-31 07:01:30] ERROR: Detection failed: 'AutonomousVehicleSystem' object has no attribute 'analyze_detections'
[2025-05-31 07:01:30] ERROR: Detection failed: 'AutonomousVehicleSystem' object has no attribute 'analyze_detections'
[2025-05-31 07:01:30] ERROR: Detection failed: 'AutonomousVehicleSystem' object has no attribute 'analyze_detections'
[2025-05-31 07:01:30] ERROR: Detection failed: 'AutonomousVehicleSystem' object has no attribute 'analyze_detections'
[2025-05-31 07:01:31] ERROR: Detection failed: 'AutonomousVehicleSystem' object has no attribute 'analyze_detections'
[2025-05-31 07:01:31] ERROR: Detection failed: 'AutonomousVehicleSystem' object has no attribute 'analyze_detections'
[2025-05-31 07:01:31] ERROR: Detection failed: 'AutonomousVehicleSystem' object has no attribute 'analyze_detections'
[2025-05-31 07:01:31] ERROR: Detection failed: 'AutonomousVehicleSystem' object has no attribute 'analyze_detections'
[2025-05-31 07:01:31] ERROR: Detection failed: 'AutonomousVehicleSystem' object has no attribute 'analyze_detections'
[2025-05-31 07:01:31] ERROR: Detection failed: 'AutonomousVehicleSystem' object has no attribute 'analyze_detections'
[2025-05-31 07:01:31] ERROR: Detection failed: 'AutonomousVehicleSystem' object has no attribute 'analyze_detections'
[2025-05-31 07:01:31] ERROR: Detection failed: 'AutonomousVehicleSystem' object has no attribute 'analyze_detections'
[2025-05-31 07:01:32] ERROR: Detection failed: 'AutonomousVehicleSystem' object has no attribute 'analyze_detections'
[2025-05-31 07:01:32] ERROR: Detection failed: 'AutonomousVehicleSystem' object has no attribute 'analyze_detections'
[2025-05-31 07:01:32] ERROR: Detection failed: 'AutonomousVehicleSystem' object has no attribute 'analyze_detections'
[2025-05-31 07:01:32] ERROR: Detection failed: 'AutonomousVehicleSystem' object has no attribute 'analyze_detections'
[2025-05-31 07:01:32] ERROR: Detection failed: 'AutonomousVehicleSystem' object has no attribute 'analyze_detections'
[2025-05-31 07:01:32] ERROR: Detection failed: 'AutonomousVehicleSystem' object has no attribute 'analyze_detections'
[2025-05-31 07:01:32] ERROR: Detection failed: 'AutonomousVehicleSystem' object has no attribute 'analyze_detections'
[2025-05-31 07:01:32] ERROR: Detection failed: 'AutonomousVehicleSystem' object has no attribute 'analyze_detections'
[2025-05-31 07:01:32] ERROR: Detection failed: 'AutonomousVehicleSystem' object has no attribute 'analyze_detections'
[2025-05-31 07:01:33] ERROR: Detection failed: 'AutonomousVehicleSystem' object has no attribute 'analyze_detections'
[2025-05-31 07:01:33] ERROR: Detection failed: 'AutonomousVehicleSystem' object has no attribute 'analyze_detections'
[2025-05-31 07:01:33] ERROR: Detection failed: 'AutonomousVehicleSystem' object has no attribute 'analyze_detections'
[2025-05-31 07:01:33] ERROR: Detection failed: 'AutonomousVehicleSystem' object has no attribute 'analyze_detections'
[2025-05-31 07:01:33] ERROR: Detection failed: 'AutonomousVehicleSystem' object has no attribute 'analyze_detections'
[2025-05-31 07:01:33] ERROR: Detection failed: 'AutonomousVehicleSystem' object has no attribute 'analyze_detections'
[2025-05-31 07:01:33] ERROR: Detection failed: 'AutonomousVehicleSystem' object has no attribute 'analyze_detections'
[2025-05-31 07:01:33] ERROR: Detection failed: 'AutonomousVehicleSystem' object has no attribute 'analyze_detections'
[2025-05-31 07:01:33] ERROR: Detection failed: 'AutonomousVehicleSystem' object has no attribute 'analyze_detections'
[2025-05-31 07:01:34] ERROR: Detection failed: 'AutonomousVehicleSystem' object has no attribute 'analyze_detections'
[2025-05-31 07:01:34] ERROR: Detection failed: 'AutonomousVehicleSystem' object has no attribute 'analyze_detections'
[2025-05-31 07:01:34] ERROR: Detection failed: 'AutonomousVehicleSystem' object has no attribute 'analyze_detections'
[2025-05-31 07:01:34] ERROR: Detection failed: 'AutonomousVehicleSystem' object has no attribute 'analyze_detections'
[2025-05-31 07:01:34] ERROR: Detection failed: 'AutonomousVehicleSystem' object has no attribute 'analyze_detections'
[2025-05-31 07:01:34] ERROR: Detection failed: 'AutonomousVehicleSystem' object has no attribute 'analyze_detections'
[2025-05-31 07:01:34] ERROR: Detection failed: 'AutonomousVehicleSystem' object has no attribute 'analyze_detections'
[2025-05-31 07:01:34] ERROR: Detection failed: 'AutonomousVehicleSystem' object has no attribute 'analyze_detections'
[2025-05-31 07:01:34] ERROR: Detection failed: 'AutonomousVehicleSystem' object has no attribute 'analyze_detections'
[2025-05-31 07:01:35] ERROR: Detection failed: 'AutonomousVehicleSystem' object has no attribute 'analyze_detections'
[2025-05-31 07:01:35] ERROR: Detection failed: 'AutonomousVehicleSystem' object has no attribute 'analyze_detections'
[2025-05-31 07:01:35] ERROR: Detection failed: 'AutonomousVehicleSystem' object has no attribute 'analyze_detections'
[2025-05-31 07:01:35] ERROR: Detection failed: 'AutonomousVehicleSystem' object has no attribute 'analyze_detections'
[2025-05-31 07:01:35] ERROR: Detection failed: 'AutonomousVehicleSystem' object has no attribute 'analyze_detections'
[2025-05-31 07:01:35] ERROR: Detection failed: 'AutonomousVehicleSystem' object has no attribute 'analyze_detections'
[2025-05-31 07:01:35] ERROR: Detection failed: 'AutonomousVehicleSystem' object has no attribute 'analyze_detections'
[2025-05-31 07:01:35] ERROR: Detection failed: 'AutonomousVehicleSystem' object has no attribute 'analyze_detections'
[2025-05-31 07:01:35] ERROR: Detection failed: 'AutonomousVehicleSystem' object has no attribute 'analyze_detections'
[2025-05-31 07:01:36] ERROR: Detection failed: 'AutonomousVehicleSystem' object has no attribute 'analyze_detections'
[2025-05-31 07:01:36] ERROR: Detection failed: 'AutonomousVehicleSystem' object has no attribute 'analyze_detections'
[2025-05-31 07:01:36] ERROR: Detection failed: 'AutonomousVehicleSystem' object has no attribute 'analyze_detections'
[2025-05-31 07:01:36] ERROR: Detection failed: 'AutonomousVehicleSystem' object has no attribute 'analyze_detections'
[2025-05-31 07:01:36] ERROR: Detection failed: 'AutonomousVehicleSystem' object has no attribute 'analyze_detections'
[2025-05-31 07:01:36] ERROR: Detection failed: 'AutonomousVehicleSystem' object has no attribute 'analyze_detections'
[2025-05-31 07:01:36] ERROR: Detection failed: 'AutonomousVehicleSystem' object has no attribute 'analyze_detections'
[2025-05-31 07:01:36] ERROR: Detection failed: 'AutonomousVehicleSystem' object has no attribute 'analyze_detections'
[2025-05-31 07:01:36] ERROR: Detection failed: 'AutonomousVehicleSystem' object has no attribute 'analyze_detections'
[2025-05-31 07:01:37] ERROR: Detection failed: 'AutonomousVehicleSystem' object has no attribute 'analyze_detections'
[2025-05-31 07:01:37] ERROR: Detection failed: 'AutonomousVehicleSystem' object has no attribute 'analyze_detections'
[2025-05-31 07:01:37] ERROR: Detection failed: 'AutonomousVehicleSystem' object has no attribute 'analyze_detections'
[2025-05-31 07:01:37] ERROR: Detection failed: 'AutonomousVehicleSystem' object has no attribute 'analyze_detections'
[2025-05-31 07:01:37] ERROR: Detection failed: 'AutonomousVehicleSystem' object has no attribute 'analyze_detections'
[2025-05-31 07:01:37] ERROR: Detection failed: 'AutonomousVehicleSystem' object has no attribute 'analyze_detections'
[2025-05-31 07:01:37] ERROR: Detection failed: 'AutonomousVehicleSystem' object has no attribute 'analyze_detections'
[2025-05-31 07:01:37] ERROR: Detection failed: 'AutonomousVehicleSystem' object has no attribute 'analyze_detections'
[2025-05-31 07:01:37] ERROR: Detection failed: 'AutonomousVehicleSystem' object has no attribute 'analyze_detections'
[2025-05-31 07:01:37] ERROR: Detection failed: 'AutonomousVehicleSystem' object has no attribute 'analyze_detections'
[2025-05-31 07:01:38] ERROR: Detection failed: 'AutonomousVehicleSystem' object has no attribute 'analyze_detections'
[2025-05-31 07:01:38] ERROR: Detection failed: 'AutonomousVehicleSystem' object has no attribute 'analyze_detections'
[2025-05-31 07:01:38] ERROR: Detection failed: 'AutonomousVehicleSystem' object has no attribute 'analyze_detections'
[2025-05-31 07:01:38] ERROR: Detection failed: 'AutonomousVehicleSystem' object has no attribute 'analyze_detections'
[2025-05-31 07:01:38] ERROR: Detection failed: 'AutonomousVehicleSystem' object has no attribute 'analyze_detections'
[2025-05-31 07:01:38] ERROR: Detection failed: 'AutonomousVehicleSystem' object has no attribute 'analyze_detections'
[2025-05-31 07:01:38] ERROR: Detection failed: 'AutonomousVehicleSystem' object has no attribute 'analyze_detections'
[2025-05-31 07:01:38] ERROR: Detection failed: 'AutonomousVehicleSystem' object has no attribute 'analyze_detections'
[2025-05-31 07:01:38] ERROR: Detection failed: 'AutonomousVehicleSystem' object has no attribute 'analyze_detections'
[2025-05-31 07:01:39] ERROR: Detection failed: 'AutonomousVehicleSystem' object has no attribute 'analyze_detections'
[2025-05-31 07:01:39] ERROR: Detection failed: 'AutonomousVehicleSystem' object has no attribute 'analyze_detections'
[2025-05-31 07:01:39] ERROR: Detection failed: 'AutonomousVehicleSystem' object has no attribute 'analyze_detections'
[2025-05-31 07:01:39] ERROR: Detection failed: 'AutonomousVehicleSystem' object has no attribute 'analyze_detections'
[2025-05-31 07:01:39] ERROR: Detection failed: 'AutonomousVehicleSystem' object has no attribute 'analyze_detections'
[2025-05-31 07:01:39] ERROR: Detection failed: 'AutonomousVehicleSystem' object has no attribute 'analyze_detections'
[2025-05-31 07:01:39] ERROR: Detection failed: 'AutonomousVehicleSystem' object has no attribute 'analyze_detections'
[2025-05-31 07:01:39] ERROR: Detection failed: 'AutonomousVehicleSystem' object has no attribute 'analyze_detections'
[2025-05-31 07:01:39] ERROR: Detection failed: 'AutonomousVehicleSystem' object has no attribute 'analyze_detections'
[2025-05-31 07:01:40] ERROR: Detection failed: 'AutonomousVehicleSystem' object has no attribute 'analyze_detections'
[2025-05-31 07:01:40] ERROR: Detection failed: 'AutonomousVehicleSystem' object has no attribute 'analyze_detections'
[2025-05-31 07:01:40] ERROR: Detection failed: 'AutonomousVehicleSystem' object has no attribute 'analyze_detections'
[2025-05-31 07:01:40] ERROR: Detection failed: 'AutonomousVehicleSystem' object has no attribute 'analyze_detections'
[2025-05-31 07:01:40] ERROR: Detection failed: 'AutonomousVehicleSystem' object has no attribute 'analyze_detections'
[2025-05-31 07:01:40] ERROR: Detection failed: 'AutonomousVehicleSystem' object has no attribute 'analyze_detections'
[2025-05-31 07:01:40] ERROR: Detection failed: 'AutonomousVehicleSystem' object has no attribute 'analyze_detections'
[2025-05-31 07:01:40] ERROR: Detection failed: 'AutonomousVehicleSystem' object has no attribute 'analyze_detections'
[2025-05-31 07:01:40] ERROR: Detection failed: 'AutonomousVehicleSystem' object has no attribute 'analyze_detections'
[2025-05-31 07:01:40] ERROR: Detection failed: 'AutonomousVehicleSystem' object has no attribute 'analyze_detections'
[2025-05-31 07:01:41] ERROR: Detection failed: 'AutonomousVehicleSystem' object has no attribute 'analyze_detections'
[2025-05-31 07:01:41] ERROR: Detection failed: 'AutonomousVehicleSystem' object has no attribute 'analyze_detections'
[2025-05-31 07:01:41] ERROR: Detection failed: 'AutonomousVehicleSystem' object has no attribute 'analyze_detections'
[2025-05-31 07:01:41] ERROR: Detection failed: 'AutonomousVehicleSystem' object has no attribute 'analyze_detections'
[2025-05-31 07:01:41] ERROR: Detection failed: 'AutonomousVehicleSystem' object has no attribute 'analyze_detections'
[2025-05-31 07:01:41] ERROR: Detection failed: 'AutonomousVehicleSystem' object has no attribute 'analyze_detections'
[2025-05-31 07:01:41] ERROR: Detection failed: 'AutonomousVehicleSystem' object has no attribute 'analyze_detections'
[2025-05-31 07:01:41] ERROR: Detection failed: 'AutonomousVehicleSystem' object has no attribute 'analyze_detections'
[2025-05-31 07:01:41] ERROR: Detection failed: 'AutonomousVehicleSystem' object has no attribute 'analyze_detections'
[2025-05-31 07:01:42] ERROR: Detection failed: 'AutonomousVehicleSystem' object has no attribute 'analyze_detections'
[2025-05-31 07:01:42] ERROR: Detection failed: 'AutonomousVehicleSystem' object has no attribute 'analyze_detections'
[2025-05-31 07:01:42] ERROR: Detection failed: 'AutonomousVehicleSystem' object has no attribute 'analyze_detections'
[2025-05-31 07:01:42] ERROR: Detection failed: 'AutonomousVehicleSystem' object has no attribute 'analyze_detections'
[2025-05-31 07:01:42] ERROR: Detection failed: 'AutonomousVehicleSystem' object has no attribute 'analyze_detections'
[2025-05-31 07:01:42] ERROR: Detection failed: 'AutonomousVehicleSystem' object has no attribute 'analyze_detections'
[2025-05-31 07:01:42] ERROR: Detection failed: 'AutonomousVehicleSystem' object has no attribute 'analyze_detections'
[2025-05-31 07:01:42] ERROR: Detection failed: 'AutonomousVehicleSystem' object has no attribute 'analyze_detections'
[2025-05-31 07:01:42] ERROR: Detection failed: 'AutonomousVehicleSystem' object has no attribute 'analyze_detections'
[2025-05-31 07:01:43] ERROR: Detection failed: 'AutonomousVehicleSystem' object has no attribute 'analyze_detections'
[2025-05-31 07:01:43] ERROR: Detection failed: 'AutonomousVehicleSystem' object has no attribute 'analyze_detections'
[2025-05-31 07:01:43] ERROR: Detection failed: 'AutonomousVehicleSystem' object has no attribute 'analyze_detections'
[2025-05-31 07:01:43] ERROR: Detection failed: 'AutonomousVehicleSystem' object has no attribute 'analyze_detections'
[2025-05-31 07:01:43] ERROR: Detection failed: 'AutonomousVehicleSystem' object has no attribute 'analyze_detections'
[2025-05-31 07:01:43] ERROR: Detection failed: 'AutonomousVehicleSystem' object has no attribute 'analyze_detections'
[2025-05-31 07:01:43] ERROR: Detection failed: 'AutonomousVehicleSystem' object has no attribute 'analyze_detections'
[2025-05-31 07:01:43] ERROR: Detection failed: 'AutonomousVehicleSystem' object has no attribute 'analyze_detections'
[2025-05-31 07:01:43] ERROR: Detection failed: 'AutonomousVehicleSystem' object has no attribute 'analyze_detections'
[2025-05-31 07:01:44] ERROR: Detection failed: 'AutonomousVehicleSystem' object has no attribute 'analyze_detections'
[2025-05-31 07:01:44] ERROR: Detection failed: 'AutonomousVehicleSystem' object has no attribute 'analyze_detections'
[2025-05-31 07:01:44] ERROR: Detection failed: 'AutonomousVehicleSystem' object has no attribute 'analyze_detections'
[2025-05-31 07:01:44] ERROR: Detection failed: 'AutonomousVehicleSystem' object has no attribute 'analyze_detections'
[2025-05-31 07:01:44] ERROR: Detection failed: 'AutonomousVehicleSystem' object has no attribute 'analyze_detections'
[2025-05-31 07:01:44] ERROR: Detection failed: 'AutonomousVehicleSystem' object has no attribute 'analyze_detections'
[2025-05-31 07:01:44] ERROR: Detection failed: 'AutonomousVehicleSystem' object has no attribute 'analyze_detections'
[2025-05-31 07:01:44] ERROR: Detection failed: 'AutonomousVehicleSystem' object has no attribute 'analyze_detections'
[2025-05-31 07:01:44] ERROR: Detection failed: 'AutonomousVehicleSystem' object has no attribute 'analyze_detections'
[2025-05-31 07:01:45] ERROR: Detection failed: 'AutonomousVehicleSystem' object has no attribute 'analyze_detections'
[2025-05-31 07:01:45] ERROR: Detection failed: 'AutonomousVehicleSystem' object has no attribute 'analyze_detections'
[2025-05-31 07:01:45] ERROR: Detection failed: 'AutonomousVehicleSystem' object has no attribute 'analyze_detections'
[2025-05-31 07:01:45] ERROR: Detection failed: 'AutonomousVehicleSystem' object has no attribute 'analyze_detections'
[2025-05-31 07:01:45] ERROR: Detection failed: 'AutonomousVehicleSystem' object has no attribute 'analyze_detections'
[2025-05-31 07:01:45] ERROR: Detection failed: 'AutonomousVehicleSystem' object has no attribute 'analyze_detections'
[2025-05-31 07:01:45] ERROR: Detection failed: 'AutonomousVehicleSystem' object has no attribute 'analyze_detections'
[2025-05-31 07:01:45] ERROR: Detection failed: 'AutonomousVehicleSystem' object has no attribute 'analyze_detections'
[2025-05-31 07:01:45] ERROR: Detection failed: 'AutonomousVehicleSystem' object has no attribute 'analyze_detections'
[2025-05-31 07:01:46] ERROR: Detection failed: 'AutonomousVehicleSystem' object has no attribute 'analyze_detections'
[2025-05-31 07:01:46] ERROR: Detection failed: 'AutonomousVehicleSystem' object has no attribute 'analyze_detections'
[2025-05-31 07:01:46] ERROR: Detection failed: 'AutonomousVehicleSystem' object has no attribute 'analyze_detections'
[2025-05-31 07:01:46] ERROR: Detection failed: 'AutonomousVehicleSystem' object has no attribute 'analyze_detections'
[2025-05-31 07:01:46] ERROR: Detection failed: 'AutonomousVehicleSystem' object has no attribute 'analyze_detections'
[2025-05-31 07:01:46] ERROR: Detection failed: 'AutonomousVehicleSystem' object has no attribute 'analyze_detections'
[2025-05-31 07:01:46] ERROR: Detection failed: 'AutonomousVehicleSystem' object has no attribute 'analyze_detections'
[2025-05-31 07:01:46] ERROR: Detection failed: 'AutonomousVehicleSystem' object has no attribute 'analyze_detections'
[2025-05-31 07:01:46] ERROR: Detection failed: 'AutonomousVehicleSystem' object has no attribute 'analyze_detections'
[2025-05-31 07:01:46] ERROR: Detection failed: 'AutonomousVehicleSystem' object has no attribute 'analyze_detections'
[2025-05-31 07:01:47] ERROR: Detection failed: 'AutonomousVehicleSystem' object has no attribute 'analyze_detections'
[2025-05-31 07:01:47] ERROR: Detection failed: 'AutonomousVehicleSystem' object has no attribute 'analyze_detections'
[2025-05-31 07:01:47] ERROR: Detection failed: 'AutonomousVehicleSystem' object has no attribute 'analyze_detections'
[2025-05-31 07:01:47] ERROR: Detection failed: 'AutonomousVehicleSystem' object has no attribute 'analyze_detections'
[2025-05-31 07:01:47] ERROR: Detection failed: 'AutonomousVehicleSystem' object has no attribute 'analyze_detections'
[2025-05-31 07:01:47] ERROR: Detection failed: 'AutonomousVehicleSystem' object has no attribute 'analyze_detections'
[2025-05-31 07:01:47] ERROR: Detection failed: 'AutonomousVehicleSystem' object has no attribute 'analyze_detections'
[2025-05-31 07:01:47] ERROR: Detection failed: 'AutonomousVehicleSystem' object has no attribute 'analyze_detections'
[2025-05-31 07:01:47] ERROR: Detection failed: 'AutonomousVehicleSystem' object has no attribute 'analyze_detections'
[2025-05-31 07:01:48] ERROR: Detection failed: 'AutonomousVehicleSystem' object has no attribute 'analyze_detections'
[2025-05-31 07:01:48] ERROR: Detection failed: 'AutonomousVehicleSystem' object has no attribute 'analyze_detections'
[2025-05-31 07:01:48] ERROR: Detection failed: 'AutonomousVehicleSystem' object has no attribute 'analyze_detections'
[2025-05-31 07:01:48] ERROR: Detection failed: 'AutonomousVehicleSystem' object has no attribute 'analyze_detections'
[2025-05-31 07:01:48] ERROR: Detection failed: 'AutonomousVehicleSystem' object has no attribute 'analyze_detections'
[2025-05-31 07:01:48] ERROR: Detection failed: 'AutonomousVehicleSystem' object has no attribute 'analyze_detections'
[2025-05-31 07:01:48] ERROR: Detection failed: 'AutonomousVehicleSystem' object has no attribute 'analyze_detections'
[2025-05-31 07:01:48] ERROR: Detection failed: 'AutonomousVehicleSystem' object has no attribute 'analyze_detections'
[2025-05-31 07:01:48] ERROR: Detection failed: 'AutonomousVehicleSystem' object has no attribute 'analyze_detections'
[2025-05-31 07:01:49] ERROR: Detection failed: 'AutonomousVehicleSystem' object has no attribute 'analyze_detections'
[2025-05-31 07:01:49] ERROR: Detection failed: 'AutonomousVehicleSystem' object has no attribute 'analyze_detections'
[2025-05-31 07:01:49] ERROR: Detection failed: 'AutonomousVehicleSystem' object has no attribute 'analyze_detections'
[2025-05-31 07:01:49] ERROR: Detection failed: 'AutonomousVehicleSystem' object has no attribute 'analyze_detections'
[2025-05-31 07:01:49] ERROR: Detection failed: 'AutonomousVehicleSystem' object has no attribute 'analyze_detections'
[2025-05-31 07:01:49] ERROR: Detection failed: 'AutonomousVehicleSystem' object has no attribute 'analyze_detections'
[2025-05-31 07:01:49] ERROR: Detection failed: 'AutonomousVehicleSystem' object has no attribute 'analyze_detections'
[2025-05-31 07:01:49] ERROR: Detection failed: 'AutonomousVehicleSystem' object has no attribute 'analyze_detections'
[2025-05-31 07:01:50] ERROR: Detection failed: 'AutonomousVehicleSystem' object has no attribute 'analyze_detections'
[2025-05-31 07:01:50] ERROR: Detection failed: 'AutonomousVehicleSystem' object has no attribute 'analyze_detections'
[2025-05-31 07:01:50] ERROR: Detection failed: 'AutonomousVehicleSystem' object has no attribute 'analyze_detections'
[2025-05-31 07:01:50] ERROR: Detection failed: 'AutonomousVehicleSystem' object has no attribute 'analyze_detections'
[2025-05-31 07:01:50] ERROR: Detection failed: 'AutonomousVehicleSystem' object has no attribute 'analyze_detections'
[2025-05-31 07:01:50] ERROR: Detection failed: 'AutonomousVehicleSystem' object has no attribute 'analyze_detections'
[2025-05-31 07:01:50] ERROR: Detection failed: 'AutonomousVehicleSystem' object has no attribute 'analyze_detections'
[2025-05-31 07:01:50] ERROR: Detection failed: 'AutonomousVehicleSystem' object has no attribute 'analyze_detections'
[2025-05-31 07:01:51] ERROR: Detection failed: 'AutonomousVehicleSystem' object has no attribute 'analyze_detections'
[2025-05-31 07:01:51] ERROR: Detection failed: 'AutonomousVehicleSystem' object has no attribute 'analyze_detections'
[2025-05-31 07:01:51] ERROR: Detection failed: 'AutonomousVehicleSystem' object has no attribute 'analyze_detections'
[2025-05-31 07:01:51] ERROR: Detection failed: 'AutonomousVehicleSystem' object has no attribute 'analyze_detections'
[2025-05-31 07:01:51] ERROR: Detection failed: 'AutonomousVehicleSystem' object has no attribute 'analyze_detections'
[2025-05-31 07:01:51] ERROR: Detection failed: 'AutonomousVehicleSystem' object has no attribute 'analyze_detections'
[2025-05-31 07:01:51] ERROR: Detection failed: 'AutonomousVehicleSystem' object has no attribute 'analyze_detections'
[2025-05-31 07:01:51] ERROR: Detection failed: 'AutonomousVehicleSystem' object has no attribute 'analyze_detections'
[2025-05-31 07:01:52] ERROR: Detection failed: 'AutonomousVehicleSystem' object has no attribute 'analyze_detections'
[2025-05-31 07:01:52] ERROR: Detection failed: 'AutonomousVehicleSystem' object has no attribute 'analyze_detections'
[2025-05-31 07:01:52] ERROR: Detection failed: 'AutonomousVehicleSystem' object has no attribute 'analyze_detections'
[2025-05-31 07:01:52] ERROR: Detection failed: 'AutonomousVehicleSystem' object has no attribute 'analyze_detections'
[2025-05-31 07:01:52] ERROR: Detection failed: 'AutonomousVehicleSystem' object has no attribute 'analyze_detections'
[2025-05-31 07:01:52] ERROR: Detection failed: 'AutonomousVehicleSystem' object has no attribute 'analyze_detections'
[2025-05-31 07:01:52] ERROR: Detection failed: 'AutonomousVehicleSystem' object has no attribute 'analyze_detections'
[2025-05-31 07:01:53] ERROR: Detection failed: 'AutonomousVehicleSystem' object has no attribute 'analyze_detections'
[2025-05-31 07:01:53] ERROR: Detection failed: 'AutonomousVehicleSystem' object has no attribute 'analyze_detections'
[2025-05-31 07:01:53] ERROR: Detection failed: 'AutonomousVehicleSystem' object has no attribute 'analyze_detections'
[2025-05-31 07:01:53] ERROR: Detection failed: 'AutonomousVehicleSystem' object has no attribute 'analyze_detections'
[2025-05-31 07:01:53] ERROR: Detection failed: 'AutonomousVehicleSystem' object has no attribute 'analyze_detections'
[2025-05-31 07:01:53] ERROR: Detection failed: 'AutonomousVehicleSystem' object has no attribute 'analyze_detections'
[2025-05-31 07:01:53] ERROR: Detection failed: 'AutonomousVehicleSystem' object has no attribute 'analyze_detections'
[2025-05-31 07:01:53] ERROR: Detection failed: 'AutonomousVehicleSystem' object has no attribute 'analyze_detections'
[2025-05-31 07:01:53] ERROR: Detection failed: 'AutonomousVehicleSystem' object has no attribute 'analyze_detections'
[2025-05-31 07:01:54] ERROR: Detection failed: 'AutonomousVehicleSystem' object has no attribute 'analyze_detections'
[2025-05-31 07:01:54] ERROR: Detection failed: 'AutonomousVehicleSystem' object has no attribute 'analyze_detections'
[2025-05-31 07:01:54] ERROR: Detection failed: 'AutonomousVehicleSystem' object has no attribute 'analyze_detections'
[2025-05-31 07:01:54] ERROR: Detection failed: 'AutonomousVehicleSystem' object has no attribute 'analyze_detections'
[2025-05-31 07:01:54] ERROR: Detection failed: 'AutonomousVehicleSystem' object has no attribute 'analyze_detections'
[2025-05-31 07:01:54] ERROR: Detection failed: 'AutonomousVehicleSystem' object has no attribute 'analyze_detections'
[2025-05-31 07:01:54] ERROR: Detection failed: 'AutonomousVehicleSystem' object has no attribute 'analyze_detections'
[2025-05-31 07:01:54] ERROR: Detection failed: 'AutonomousVehicleSystem' object has no attribute 'analyze_detections'
[2025-05-31 07:01:55] ERROR: Detection failed: 'AutonomousVehicleSystem' object has no attribute 'analyze_detections'
[2025-05-31 07:01:55] ERROR: Detection failed: 'AutonomousVehicleSystem' object has no attribute 'analyze_detections'
[2025-05-31 07:01:55] ERROR: Detection failed: 'AutonomousVehicleSystem' object has no attribute 'analyze_detections'
[2025-05-31 07:01:55] ERROR: Detection failed: 'AutonomousVehicleSystem' object has no attribute 'analyze_detections'
[2025-05-31 07:01:55] ERROR: Detection failed: 'AutonomousVehicleSystem' object has no attribute 'analyze_detections'
[2025-05-31 07:01:55] ERROR: Detection failed: 'AutonomousVehicleSystem' object has no attribute 'analyze_detections'
[2025-05-31 07:01:55] ERROR: Detection failed: 'AutonomousVehicleSystem' object has no attribute 'analyze_detections'
[2025-05-31 07:01:55] ERROR: Detection failed: 'AutonomousVehicleSystem' object has no attribute 'analyze_detections'
[2025-05-31 07:01:56] ERROR: Detection failed: 'AutonomousVehicleSystem' object has no attribute 'analyze_detections'
[2025-05-31 07:01:56] ERROR: Detection failed: 'AutonomousVehicleSystem' object has no attribute 'analyze_detections'
[2025-05-31 07:01:56] ERROR: Detection failed: 'AutonomousVehicleSystem' object has no attribute 'analyze_detections'
[2025-05-31 07:01:56] ERROR: Detection failed: 'AutonomousVehicleSystem' object has no attribute 'analyze_detections'
[2025-05-31 07:01:56] ERROR: Detection failed: 'AutonomousVehicleSystem' object has no attribute 'analyze_detections'
[2025-05-31 07:01:56] ERROR: Detection failed: 'AutonomousVehicleSystem' object has no attribute 'analyze_detections'
[2025-05-31 07:01:56] ERROR: Detection failed: 'AutonomousVehicleSystem' object has no attribute 'analyze_detections'
[2025-05-31 07:01:56] ERROR: Detection failed: 'AutonomousVehicleSystem' object has no attribute 'analyze_detections'
[2025-05-31 07:01:57] ERROR: Detection failed: 'AutonomousVehicleSystem' object has no attribute 'analyze_detections'
[2025-05-31 07:01:57] ERROR: Detection failed: 'AutonomousVehicleSystem' object has no attribute 'analyze_detections'
[2025-05-31 07:01:57] ERROR: Detection failed: 'AutonomousVehicleSystem' object has no attribute 'analyze_detections'
[2025-05-31 07:01:57] ERROR: Detection failed: 'AutonomousVehicleSystem' object has no attribute 'analyze_detections'
[2025-05-31 07:01:57] ERROR: Detection failed: 'AutonomousVehicleSystem' object has no attribute 'analyze_detections'
[2025-05-31 07:01:57] ERROR: Detection failed: 'AutonomousVehicleSystem' object has no attribute 'analyze_detections'
[2025-05-31 07:01:57] ERROR: Detection failed: 'AutonomousVehicleSystem' object has no attribute 'analyze_detections'
[2025-05-31 07:01:57] ERROR: Detection failed: 'AutonomousVehicleSystem' object has no attribute 'analyze_detections'
[2025-05-31 07:01:57] ERROR: Detection failed: 'AutonomousVehicleSystem' object has no attribute 'analyze_detections'
[2025-05-31 07:01:57] ERROR: Detection failed: 'AutonomousVehicleSystem' object has no attribute 'analyze_detections'
[2025-05-31 07:01:58] ERROR: Detection failed: 'AutonomousVehicleSystem' object has no attribute 'analyze_detections'
[2025-05-31 07:01:58] ERROR: Detection failed: 'AutonomousVehicleSystem' object has no attribute 'analyze_detections'
[2025-05-31 07:01:58] ERROR: Detection failed: 'AutonomousVehicleSystem' object has no attribute 'analyze_detections'
[2025-05-31 07:01:58] ERROR: Detection failed: 'AutonomousVehicleSystem' object has no attribute 'analyze_detections'
[2025-05-31 07:01:58] ERROR: Detection failed: 'AutonomousVehicleSystem' object has no attribute 'analyze_detections'
[2025-05-31 07:01:58] ERROR: Detection failed: 'AutonomousVehicleSystem' object has no attribute 'analyze_detections'
[2025-05-31 07:01:58] ERROR: Detection failed: 'AutonomousVehicleSystem' object has no attribute 'analyze_detections'
[2025-05-31 07:01:58] ERROR: Detection failed: 'AutonomousVehicleSystem' object has no attribute 'analyze_detections'
[2025-05-31 07:01:58] ERROR: Detection failed: 'AutonomousVehicleSystem' object has no attribute 'analyze_detections'
[2025-05-31 07:01:59] ERROR: Detection failed: 'AutonomousVehicleSystem' object has no attribute 'analyze_detections'
[2025-05-31 07:01:59] ERROR: Detection failed: 'AutonomousVehicleSystem' object has no attribute 'analyze_detections'
[2025-05-31 07:01:59] ERROR: Detection failed: 'AutonomousVehicleSystem' object has no attribute 'analyze_detections'
[2025-05-31 07:01:59] ERROR: Detection failed: 'AutonomousVehicleSystem' object has no attribute 'analyze_detections'
[2025-05-31 07:01:59] ERROR: Detection failed: 'AutonomousVehicleSystem' object has no attribute 'analyze_detections'
[2025-05-31 07:01:59] ERROR: Detection failed: 'AutonomousVehicleSystem' object has no attribute 'analyze_detections'
[2025-05-31 07:01:59] ERROR: Detection failed: 'AutonomousVehicleSystem' object has no attribute 'analyze_detections'
[2025-05-31 07:01:59] ERROR: Detection failed: 'AutonomousVehicleSystem' object has no attribute 'analyze_detections'
[2025-05-31 07:01:59] ERROR: Detection failed: 'AutonomousVehicleSystem' object has no attribute 'analyze_detections'
[2025-05-31 07:02:00] ERROR: Detection failed: 'AutonomousVehicleSystem' object has no attribute 'analyze_detections'
[2025-05-31 07:02:00] ERROR: Detection failed: 'AutonomousVehicleSystem' object has no attribute 'analyze_detections'
[2025-05-31 07:02:00] ERROR: Detection failed: 'AutonomousVehicleSystem' object has no attribute 'analyze_detections'
[2025-05-31 07:02:00] ERROR: Detection failed: 'AutonomousVehicleSystem' object has no attribute 'analyze_detections'
[2025-05-31 07:02:00] ERROR: Detection failed: 'AutonomousVehicleSystem' object has no attribute 'analyze_detections'
[2025-05-31 07:02:00] ERROR: Detection failed: 'AutonomousVehicleSystem' object has no attribute 'analyze_detections'
[2025-05-31 07:02:00] ERROR: Detection failed: 'AutonomousVehicleSystem' object has no attribute 'analyze_detections'
[2025-05-31 07:02:00] ERROR: Detection failed: 'AutonomousVehicleSystem' object has no attribute 'analyze_detections'
[2025-05-31 07:02:00] ERROR: Detection failed: 'AutonomousVehicleSystem' object has no attribute 'analyze_detections'
[2025-05-31 07:02:01] ERROR: Detection failed: 'AutonomousVehicleSystem' object has no attribute 'analyze_detections'
[2025-05-31 07:02:01] ERROR: Detection failed: 'AutonomousVehicleSystem' object has no attribute 'analyze_detections'
[2025-05-31 07:02:01] ERROR: Detection failed: 'AutonomousVehicleSystem' object has no attribute 'analyze_detections'
[2025-05-31 07:02:01] ERROR: Detection failed: 'AutonomousVehicleSystem' object has no attribute 'analyze_detections'
[2025-05-31 07:02:01] ERROR: Detection failed: 'AutonomousVehicleSystem' object has no attribute 'analyze_detections'
[2025-05-31 07:02:01] ERROR: Detection failed: 'AutonomousVehicleSystem' object has no attribute 'analyze_detections'
[2025-05-31 07:02:01] ERROR: Detection failed: 'AutonomousVehicleSystem' object has no attribute 'analyze_detections'
[2025-05-31 07:02:01] ERROR: Detection failed: 'AutonomousVehicleSystem' object has no attribute 'analyze_detections'
[2025-05-31 07:02:02] ERROR: Detection failed: 'AutonomousVehicleSystem' object has no attribute 'analyze_detections'
[2025-05-31 07:02:02] ERROR: Detection failed: 'AutonomousVehicleSystem' object has no attribute 'analyze_detections'
[2025-05-31 07:02:02] ERROR: Detection failed: 'AutonomousVehicleSystem' object has no attribute 'analyze_detections'
[2025-05-31 07:02:02] ERROR: Detection failed: 'AutonomousVehicleSystem' object has no attribute 'analyze_detections'
[2025-05-31 07:02:02] ERROR: Detection failed: 'AutonomousVehicleSystem' object has no attribute 'analyze_detections'
[2025-05-31 07:02:02] ERROR: Detection failed: 'AutonomousVehicleSystem' object has no attribute 'analyze_detections'
[2025-05-31 07:02:02] ERROR: Detection failed: 'AutonomousVehicleSystem' object has no attribute 'analyze_detections'
[2025-05-31 07:02:02] ERROR: Detection failed: 'AutonomousVehicleSystem' object has no attribute 'analyze_detections'
[2025-05-31 07:02:03] ERROR: Detection failed: 'AutonomousVehicleSystem' object has no attribute 'analyze_detections'
[2025-05-31 07:02:03] ERROR: Detection failed: 'AutonomousVehicleSystem' object has no attribute 'analyze_detections'
[2025-05-31 07:02:03] ERROR: Detection failed: 'AutonomousVehicleSystem' object has no attribute 'analyze_detections'
[2025-05-31 07:02:03] ERROR: Detection failed: 'AutonomousVehicleSystem' object has no attribute 'analyze_detections'
[2025-05-31 07:02:03] ERROR: Detection failed: 'AutonomousVehicleSystem' object has no attribute 'analyze_detections'
[2025-05-31 07:02:03] ERROR: Detection failed: 'AutonomousVehicleSystem' object has no attribute 'analyze_detections'
[2025-05-31 07:02:03] ERROR: Detection failed: 'AutonomousVehicleSystem' object has no attribute 'analyze_detections'
[2025-05-31 07:02:03] ERROR: Detection failed: 'AutonomousVehicleSystem' object has no attribute 'analyze_detections'
[2025-05-31 07:02:03] ERROR: Detection failed: 'AutonomousVehicleSystem' object has no attribute 'analyze_detections'
[2025-05-31 07:02:04] ERROR: Detection failed: 'AutonomousVehicleSystem' object has no attribute 'analyze_detections'
[2025-05-31 07:02:04] ERROR: Detection failed: 'AutonomousVehicleSystem' object has no attribute 'analyze_detections'
[2025-05-31 07:02:04] ERROR: Detection failed: 'AutonomousVehicleSystem' object has no attribute 'analyze_detections'
[2025-05-31 07:02:04] ERROR: Detection failed: 'AutonomousVehicleSystem' object has no attribute 'analyze_detections'
[2025-05-31 07:02:04] ERROR: Detection failed: 'AutonomousVehicleSystem' object has no attribute 'analyze_detections'
[2025-05-31 07:02:04] ERROR: Detection failed: 'AutonomousVehicleSystem' object has no attribute 'analyze_detections'
[2025-05-31 07:02:04] ERROR: Detection failed: 'AutonomousVehicleSystem' object has no attribute 'analyze_detections'
[2025-05-31 07:02:04] ERROR: Detection failed: 'AutonomousVehicleSystem' object has no attribute 'analyze_detections'
[2025-05-31 07:02:05] ERROR: Detection failed: 'AutonomousVehicleSystem' object has no attribute 'analyze_detections'
[2025-05-31 07:02:05] ERROR: Detection failed: 'AutonomousVehicleSystem' object has no attribute 'analyze_detections'
[2025-05-31 07:02:05] ERROR: Detection failed: 'AutonomousVehicleSystem' object has no attribute 'analyze_detections'
[2025-05-31 07:02:05] ERROR: Detection failed: 'AutonomousVehicleSystem' object has no attribute 'analyze_detections'
[2025-05-31 07:02:05] ERROR: Detection failed: 'AutonomousVehicleSystem' object has no attribute 'analyze_detections'
[2025-05-31 07:02:05] ERROR: Detection failed: 'AutonomousVehicleSystem' object has no attribute 'analyze_detections'
[2025-05-31 07:02:05] ERROR: Detection failed: 'AutonomousVehicleSystem' object has no attribute 'analyze_detections'
[2025-05-31 07:02:05] ERROR: Detection failed: 'AutonomousVehicleSystem' object has no attribute 'analyze_detections'
[2025-05-31 07:02:05] ERROR: Detection failed: 'AutonomousVehicleSystem' object has no attribute 'analyze_detections'
[2025-05-31 07:02:06] ERROR: Detection failed: 'AutonomousVehicleSystem' object has no attribute 'analyze_detections'
[2025-05-31 07:02:06] ERROR: Detection failed: 'AutonomousVehicleSystem' object has no attribute 'analyze_detections'
[2025-05-31 07:02:06] ERROR: Detection failed: 'AutonomousVehicleSystem' object has no attribute 'analyze_detections'
[2025-05-31 07:02:06] ERROR: Detection failed: 'AutonomousVehicleSystem' object has no attribute 'analyze_detections'
[2025-05-31 07:02:06] ERROR: Detection failed: 'AutonomousVehicleSystem' object has no attribute 'analyze_detections'
[2025-05-31 07:02:06] ERROR: Detection failed: 'AutonomousVehicleSystem' object has no attribute 'analyze_detections'
[2025-05-31 07:02:06] ERROR: Detection failed: 'AutonomousVehicleSystem' object has no attribute 'analyze_detections'
[2025-05-31 07:02:06] ERROR: Detection failed: 'AutonomousVehicleSystem' object has no attribute 'analyze_detections'
[2025-05-31 07:02:07] ERROR: Detection failed: 'AutonomousVehicleSystem' object has no attribute 'analyze_detections'
[2025-05-31 07:02:07] ERROR: Detection failed: 'AutonomousVehicleSystem' object has no attribute 'analyze_detections'
[2025-05-31 07:02:07] ERROR: Detection failed: 'AutonomousVehicleSystem' object has no attribute 'analyze_detections'
[2025-05-31 07:02:07] ERROR: Detection failed: 'AutonomousVehicleSystem' object has no attribute 'analyze_detections'
[2025-05-31 07:02:07] ERROR: Detection failed: 'AutonomousVehicleSystem' object has no attribute 'analyze_detections'
[2025-05-31 07:02:07] ERROR: Detection failed: 'AutonomousVehicleSystem' object has no attribute 'analyze_detections'
[2025-05-31 07:02:07] ERROR: Detection failed: 'AutonomousVehicleSystem' object has no attribute 'analyze_detections'
[2025-05-31 07:02:07] ERROR: Detection failed: 'AutonomousVehicleSystem' object has no attribute 'analyze_detections'
[2025-05-31 07:02:07] ERROR: Detection failed: 'AutonomousVehicleSystem' object has no attribute 'analyze_detections'
[2025-05-31 07:02:08] ERROR: Detection failed: 'AutonomousVehicleSystem' object has no attribute 'analyze_detections'
[2025-05-31 07:02:08] ERROR: Detection failed: 'AutonomousVehicleSystem' object has no attribute 'analyze_detections'
[2025-05-31 07:02:08] ERROR: Detection failed: 'AutonomousVehicleSystem' object has no attribute 'analyze_detections'
[2025-05-31 07:02:08] ERROR: Detection failed: 'AutonomousVehicleSystem' object has no attribute 'analyze_detections'
[2025-05-31 07:02:08] ERROR: Detection failed: 'AutonomousVehicleSystem' object has no attribute 'analyze_detections'
[2025-05-31 07:02:08] ERROR: Detection failed: 'AutonomousVehicleSystem' object has no attribute 'analyze_detections'
[2025-05-31 07:02:08] ERROR: Detection failed: 'AutonomousVehicleSystem' object has no attribute 'analyze_detections'
[2025-05-31 07:02:08] ERROR: Detection failed: 'AutonomousVehicleSystem' object has no attribute 'analyze_detections'
[2025-05-31 07:02:08] ERROR: Detection failed: 'AutonomousVehicleSystem' object has no attribute 'analyze_detections'
[2025-05-31 07:02:09] ERROR: Detection failed: 'AutonomousVehicleSystem' object has no attribute 'analyze_detections'
[2025-05-31 07:02:09] ERROR: Detection failed: 'AutonomousVehicleSystem' object has no attribute 'analyze_detections'
[2025-05-31 07:02:09] ERROR: Detection failed: 'AutonomousVehicleSystem' object has no attribute 'analyze_detections'
[2025-05-31 07:02:09] ERROR: Detection failed: 'AutonomousVehicleSystem' object has no attribute 'analyze_detections'
[2025-05-31 07:02:09] ERROR: Detection failed: 'AutonomousVehicleSystem' object has no attribute 'analyze_detections'
[2025-05-31 07:02:09] ERROR: Detection failed: 'AutonomousVehicleSystem' object has no attribute 'analyze_detections'
[2025-05-31 07:02:09] ERROR: Detection failed: 'AutonomousVehicleSystem' object has no attribute 'analyze_detections'
[2025-05-31 07:02:09] ERROR: Detection failed: 'AutonomousVehicleSystem' object has no attribute 'analyze_detections'
[2025-05-31 07:02:09] ERROR: Detection failed: 'AutonomousVehicleSystem' object has no attribute 'analyze_detections'
[2025-05-31 07:02:10] ERROR: Detection failed: 'AutonomousVehicleSystem' object has no attribute 'analyze_detections'
[2025-05-31 07:02:10] ERROR: Detection failed: 'AutonomousVehicleSystem' object has no attribute 'analyze_detections'
[2025-05-31 07:02:10] ERROR: Detection failed: 'AutonomousVehicleSystem' object has no attribute 'analyze_detections'
[2025-05-31 07:02:10] ERROR: Detection failed: 'AutonomousVehicleSystem' object has no attribute 'analyze_detections'
[2025-05-31 07:02:10] ERROR: Detection failed: 'AutonomousVehicleSystem' object has no attribute 'analyze_detections'
[2025-05-31 07:02:10] ERROR: Detection failed: 'AutonomousVehicleSystem' object has no attribute 'analyze_detections'
[2025-05-31 07:02:10] ERROR: Detection failed: 'AutonomousVehicleSystem' object has no attribute 'analyze_detections'
[2025-05-31 07:02:10] ERROR: Detection failed: 'AutonomousVehicleSystem' object has no attribute 'analyze_detections'
[2025-05-31 07:02:10] ERROR: Detection failed: 'AutonomousVehicleSystem' object has no attribute 'analyze_detections'
[2025-05-31 07:02:11] ERROR: Detection failed: 'AutonomousVehicleSystem' object has no attribute 'analyze_detections'
[2025-05-31 07:02:11] ERROR: Detection failed: 'AutonomousVehicleSystem' object has no attribute 'analyze_detections'
[2025-05-31 07:02:11] ERROR: Detection failed: 'AutonomousVehicleSystem' object has no attribute 'analyze_detections'
[2025-05-31 07:02:11] ERROR: Detection failed: 'AutonomousVehicleSystem' object has no attribute 'analyze_detections'
[2025-05-31 07:02:11] ERROR: Detection failed: 'AutonomousVehicleSystem' object has no attribute 'analyze_detections'
[2025-05-31 07:02:11] ERROR: Detection failed: 'AutonomousVehicleSystem' object has no attribute 'analyze_detections'
[2025-05-31 07:02:11] ERROR: Detection failed: 'AutonomousVehicleSystem' object has no attribute 'analyze_detections'
[2025-05-31 07:02:11] ERROR: Detection failed: 'AutonomousVehicleSystem' object has no attribute 'analyze_detections'
[2025-05-31 07:02:11] ERROR: Detection failed: 'AutonomousVehicleSystem' object has no attribute 'analyze_detections'
[2025-05-31 07:02:12] ERROR: Detection failed: 'AutonomousVehicleSystem' object has no attribute 'analyze_detections'
[2025-05-31 07:02:12] ERROR: Detection failed: 'AutonomousVehicleSystem' object has no attribute 'analyze_detections'
[2025-05-31 07:02:12] ERROR: Detection failed: 'AutonomousVehicleSystem' object has no attribute 'analyze_detections'
[2025-05-31 07:02:12] ERROR: Detection failed: 'AutonomousVehicleSystem' object has no attribute 'analyze_detections'
[2025-05-31 07:02:12] ERROR: Detection failed: 'AutonomousVehicleSystem' object has no attribute 'analyze_detections'
[2025-05-31 07:02:12] ERROR: Detection failed: 'AutonomousVehicleSystem' object has no attribute 'analyze_detections'
[2025-05-31 07:02:12] ERROR: Detection failed: 'AutonomousVehicleSystem' object has no attribute 'analyze_detections'
[2025-05-31 07:02:12] ERROR: Detection failed: 'AutonomousVehicleSystem' object has no attribute 'analyze_detections'
[2025-05-31 07:02:12] ERROR: Detection failed: 'AutonomousVehicleSystem' object has no attribute 'analyze_detections'
[2025-05-31 07:02:13] ERROR: Detection failed: 'AutonomousVehicleSystem' object has no attribute 'analyze_detections'
[2025-05-31 07:02:13] ERROR: Detection failed: 'AutonomousVehicleSystem' object has no attribute 'analyze_detections'
[2025-05-31 07:02:13] ERROR: Detection failed: 'AutonomousVehicleSystem' object has no attribute 'analyze_detections'
[2025-05-31 07:02:13] ERROR: Detection failed: 'AutonomousVehicleSystem' object has no attribute 'analyze_detections'
[2025-05-31 07:02:13] ERROR: Detection failed: 'AutonomousVehicleSystem' object has no attribute 'analyze_detections'
[2025-05-31 07:02:13] ERROR: Detection failed: 'AutonomousVehicleSystem' object has no attribute 'analyze_detections'
[2025-05-31 07:02:13] ERROR: Detection failed: 'AutonomousVehicleSystem' object has no attribute 'analyze_detections'
[2025-05-31 07:02:13] ERROR: Detection failed: 'AutonomousVehicleSystem' object has no attribute 'analyze_detections'
[2025-05-31 07:02:13] ERROR: Detection failed: 'AutonomousVehicleSystem' object has no attribute 'analyze_detections'
[2025-05-31 07:02:14] ERROR: Detection failed: 'AutonomousVehicleSystem' object has no attribute 'analyze_detections'
[2025-05-31 07:02:14] ERROR: Detection failed: 'AutonomousVehicleSystem' object has no attribute 'analyze_detections'
[2025-05-31 07:02:14] ERROR: Detection failed: 'AutonomousVehicleSystem' object has no attribute 'analyze_detections'
[2025-05-31 07:02:14] SYSTEM: Shutting down...
[2025-05-31 07:02:14] REPORT: 
=== FINAL REPORT ===
Total frames processed: 516
SLAM final state: initializing
Trajectory points recorded: 0

[2025-05-31 07:11:48] SYSTEM: SLAM mapping started
[2025-05-31 07:11:48] SYSTEM: SLAM tracking started
[2025-05-31 07:11:48] SYSTEM: Using device: CPU
[2025-05-31 07:11:48] ERROR: No images found in dataset directory
